{
  "stats": {
    "suites": 3,
    "tests": 6,
    "passes": 6,
    "pending": 0,
    "failures": 0,
    "start": "2024-03-22T08:03:52.487Z",
    "end": "2024-03-22T08:04:22.606Z",
    "duration": 30119,
    "testsRegistered": 6,
    "passPercent": 100,
    "pendingPercent": 0,
    "other": 0,
    "hasOther": false,
    "skipped": 0,
    "hasSkipped": false
  },
  "results": [
    {
      "uuid": "832edcb0-2127-4a6a-b4bd-414210aad7b9",
      "title": "",
      "fullFile": "cypress\\e2e\\tests\\loginPage.cy.js",
      "file": "cypress\\e2e\\tests\\loginPage.cy.js",
      "beforeHooks": [],
      "afterHooks": [],
      "tests": [],
      "suites": [
        {
          "uuid": "dab2981e-c1f1-4780-a62b-17b0e3cc19d9",
          "title": "POM implementation for Login page",
          "fullFile": "",
          "file": "",
          "beforeHooks": [],
          "afterHooks": [],
          "tests": [],
          "suites": [
            {
              "uuid": "c89fff32-74b1-4cc1-af07-931f5edf27b9",
              "title": "Positive test scenario",
              "fullFile": "",
              "file": "",
              "beforeHooks": [],
              "afterHooks": [],
              "tests": [
                {
                  "title": "should login successfully",
                  "fullTitle": "POM implementation for Login page Positive test scenario should login successfully",
                  "timedOut": null,
                  "duration": 14431,
                  "state": "passed",
                  "speed": "slow",
                  "pass": true,
                  "fail": false,
                  "pending": false,
                  "context": null,
                  "code": "cy.login(\"Admin\", \"admin123\");\n_dashboardPage[\"default\"].elements.dashboardSpan().should(\"have.text\", \"Dashboard\");",
                  "err": {},
                  "uuid": "1d1ae3c0-9ba7-4ab7-a924-cb10ca7cdfac",
                  "parentUUID": "c89fff32-74b1-4cc1-af07-931f5edf27b9",
                  "isHook": false,
                  "skipped": false
                }
              ],
              "suites": [],
              "passes": [
                "1d1ae3c0-9ba7-4ab7-a924-cb10ca7cdfac"
              ],
              "failures": [],
              "pending": [],
              "skipped": [],
              "duration": 14431,
              "root": false,
              "rootEmpty": false,
              "_timeout": 2000
            },
            {
              "uuid": "1986f078-748d-442f-b185-c493d096ca33",
              "title": "Negative test scenarios",
              "fullFile": "",
              "file": "",
              "beforeHooks": [],
              "afterHooks": [],
              "tests": [
                {
                  "title": "should have displayed incorrect username error message",
                  "fullTitle": "POM implementation for Login page Negative test scenarios should have displayed incorrect username error message",
                  "timedOut": null,
                  "duration": 4214,
                  "state": "passed",
                  "speed": "fast",
                  "pass": true,
                  "fail": false,
                  "pending": false,
                  "context": null,
                  "code": "_loginPage[\"default\"].typeUsername(\"dummy_username\");\n_loginPage[\"default\"].typePassword(\"admin123\");\n_loginPage[\"default\"].clickLogin();\n_loginPage[\"default\"].elements.errorMsg().should(\"have.text\", \"Invalid credentials\");",
                  "err": {},
                  "uuid": "abf4da31-9360-411b-b01f-09dfa70518f3",
                  "parentUUID": "1986f078-748d-442f-b185-c493d096ca33",
                  "isHook": false,
                  "skipped": false
                },
                {
                  "title": "should have displayed incorrect password error message",
                  "fullTitle": "POM implementation for Login page Negative test scenarios should have displayed incorrect password error message",
                  "timedOut": null,
                  "duration": 3353,
                  "state": "passed",
                  "speed": "fast",
                  "pass": true,
                  "fail": false,
                  "pending": false,
                  "context": null,
                  "code": "_loginPage[\"default\"].typeUsername(\"Admin\");\n_loginPage[\"default\"].typePassword(\"dummy_password\");\n_loginPage[\"default\"].clickLogin();\n_loginPage[\"default\"].elements.errorMsg().should(\"have.text\", \"Invalid credentials\");",
                  "err": {},
                  "uuid": "70713cf8-3fe1-4fa3-863e-96a1967890d4",
                  "parentUUID": "1986f078-748d-442f-b185-c493d096ca33",
                  "isHook": false,
                  "skipped": false
                },
                {
                  "title": "should have displayed empty username field message",
                  "fullTitle": "POM implementation for Login page Negative test scenarios should have displayed empty username field message",
                  "timedOut": null,
                  "duration": 1895,
                  "state": "passed",
                  "speed": "fast",
                  "pass": true,
                  "fail": false,
                  "pending": false,
                  "context": null,
                  "code": "_loginPage[\"default\"].typeUsername(\" \");\n_loginPage[\"default\"].typePassword(\"admin123\");\n_loginPage[\"default\"].clickLogin();\n_loginPage[\"default\"].elements.emptyUsernameFieldMsg().should(\"have.text\", \"Required\");",
                  "err": {},
                  "uuid": "22741436-c068-426e-9369-e8b75ad34326",
                  "parentUUID": "1986f078-748d-442f-b185-c493d096ca33",
                  "isHook": false,
                  "skipped": false
                },
                {
                  "title": "should have displayed empty password field message",
                  "fullTitle": "POM implementation for Login page Negative test scenarios should have displayed empty password field message",
                  "timedOut": null,
                  "duration": 1911,
                  "state": "passed",
                  "speed": "fast",
                  "pass": true,
                  "fail": false,
                  "pending": false,
                  "context": null,
                  "code": "_loginPage[\"default\"].typeUsername(\"Admin\");\n_loginPage[\"default\"].typePassword(\" \");\n_loginPage[\"default\"].clickLogin();\n_loginPage[\"default\"].elements.emptyPasswordFieldMsg().should(\"have.text\", \"Required\");",
                  "err": {},
                  "uuid": "b55c3dc9-4fd7-41ac-8e9c-0a8935290094",
                  "parentUUID": "1986f078-748d-442f-b185-c493d096ca33",
                  "isHook": false,
                  "skipped": false
                },
                {
                  "title": "should be able to reset password",
                  "fullTitle": "POM implementation for Login page Negative test scenarios should be able to reset password",
                  "timedOut": null,
                  "duration": 4159,
                  "state": "passed",
                  "speed": "fast",
                  "pass": true,
                  "fail": false,
                  "pending": false,
                  "context": null,
                  "code": "_loginPage[\"default\"].clickForgotPasswordBtn();\n// Navigate to Reset Password page & verify its title\n_resetPasswordPage[\"default\"].elements.resetPasswordSpan().should(\"be.visible\").and(\"have.text\", \"Reset Password\");\n// Enter username credentials & submit\n_resetPasswordPage[\"default\"].elements.usernameField().type(\"Admin\");\n_resetPasswordPage[\"default\"].elements.resetPasswordBtn().click();\n// Verify reset password link is sent successfully\n_resetPasswordPage[\"default\"].elements.successfulPasswordResetMsg().should(\"be.visible\").and(\"have.text\", \"Reset Password link sent successfully\");",
                  "err": {},
                  "uuid": "baecc1e1-65fe-4c2e-a6f0-ae4e4b4049df",
                  "parentUUID": "1986f078-748d-442f-b185-c493d096ca33",
                  "isHook": false,
                  "skipped": false
                }
              ],
              "suites": [],
              "passes": [
                "abf4da31-9360-411b-b01f-09dfa70518f3",
                "70713cf8-3fe1-4fa3-863e-96a1967890d4",
                "22741436-c068-426e-9369-e8b75ad34326",
                "b55c3dc9-4fd7-41ac-8e9c-0a8935290094",
                "baecc1e1-65fe-4c2e-a6f0-ae4e4b4049df"
              ],
              "failures": [],
              "pending": [],
              "skipped": [],
              "duration": 15532,
              "root": false,
              "rootEmpty": false,
              "_timeout": 2000
            }
          ],
          "passes": [],
          "failures": [],
          "pending": [],
          "skipped": [],
          "duration": 0,
          "root": false,
          "rootEmpty": false,
          "_timeout": 2000
        }
      ],
      "passes": [],
      "failures": [],
      "pending": [],
      "skipped": [],
      "duration": 0,
      "root": true,
      "rootEmpty": true,
      "_timeout": 2000
    }
  ],
  "meta": {
    "mocha": {
      "version": "7.0.1"
    },
    "mochawesome": {
      "options": {
        "quiet": false,
        "reportFilename": "mochawesome",
        "saveHtml": false,
        "saveJson": true,
        "consoleReporter": "spec",
        "useInlineDiffs": false,
        "code": true
      },
      "version": "7.1.3"
    },
    "marge": {
      "options": {
        "charts": true,
        "reportPageTitle": "custom-title",
        "embeddedScreenshots": true,
        "inlineAssets": true,
        "saveAllAttempts": false,
        "overwrite": false,
        "html": false,
        "json": true,
        "reportDir": "cypress\\reports\\html\\.jsons"
      },
      "version": "6.2.0"
    }
  }
}