{
  "stats": {
    "suites": 2,
    "tests": 1,
    "passes": 1,
    "pending": 0,
    "failures": 0,
    "start": "2024-03-22T08:02:19.935Z",
    "end": "2024-03-22T08:02:36.926Z",
    "duration": 16991,
    "testsRegistered": 1,
    "passPercent": 100,
    "pendingPercent": 0,
    "other": 0,
    "hasOther": false,
    "skipped": 0,
    "hasSkipped": false
  },
  "results": [
    {
      "uuid": "496a4b6b-5518-4b9d-9a50-4f6c55f6a537",
      "title": "",
      "fullFile": "cypress\\e2e\\tests\\adminPageFixture.cy.js",
      "file": "cypress\\e2e\\tests\\adminPageFixture.cy.js",
      "beforeHooks": [],
      "afterHooks": [],
      "tests": [],
      "suites": [
        {
          "uuid": "b74f7718-9d96-44be-bd27-627355f51313",
          "title": "POM implementation for Admin page",
          "fullFile": "",
          "file": "",
          "beforeHooks": [],
          "afterHooks": [],
          "tests": [],
          "suites": [
            {
              "uuid": "2af4f85b-4dc3-4ab5-b8f0-099a6db29469",
              "title": "Fill in the form on General Information tab",
              "fullFile": "",
              "file": "",
              "beforeHooks": [],
              "afterHooks": [],
              "tests": [
                {
                  "title": "should fill and submit the form",
                  "fullTitle": "POM implementation for Admin page Fill in the form on General Information tab should fill and submit the form",
                  "timedOut": null,
                  "duration": 16957,
                  "state": "passed",
                  "speed": "slow",
                  "pass": true,
                  "fail": false,
                  "pending": false,
                  "context": null,
                  "code": "_dashboardPage[\"default\"].clickAdminBtn();\n_adminPage[\"default\"].navigateToGeneralInformationForm();\n_adminPage[\"default\"].clickEditToggle();\ncy.fixture(\"generalInformation.json\").then(function (data) {\n  _adminPage[\"default\"].enterRegistrationNumber();\n  _adminPage[\"default\"].enterTaxId();\n  _adminPage[\"default\"].enterPhone();\n  _adminPage[\"default\"].enterEmail();\n  _adminPage[\"default\"].enterAddress();\n  _adminPage[\"default\"].enterCity();\n  _adminPage[\"default\"].enterPostalCode();\n  basePage.clickBtn();\n  _adminPage[\"default\"].getSuccessAlert();\n});",
                  "err": {},
                  "uuid": "0c949023-ad96-4c0d-aec6-f469c4da9202",
                  "parentUUID": "2af4f85b-4dc3-4ab5-b8f0-099a6db29469",
                  "isHook": false,
                  "skipped": false
                }
              ],
              "suites": [],
              "passes": [
                "0c949023-ad96-4c0d-aec6-f469c4da9202"
              ],
              "failures": [],
              "pending": [],
              "skipped": [],
              "duration": 16957,
              "root": false,
              "rootEmpty": false,
              "_timeout": 2000
            }
          ],
          "passes": [],
          "failures": [],
          "pending": [],
          "skipped": [],
          "duration": 0,
          "root": false,
          "rootEmpty": false,
          "_timeout": 2000
        }
      ],
      "passes": [],
      "failures": [],
      "pending": [],
      "skipped": [],
      "duration": 0,
      "root": true,
      "rootEmpty": true,
      "_timeout": 2000
    }
  ],
  "meta": {
    "mocha": {
      "version": "7.0.1"
    },
    "mochawesome": {
      "options": {
        "quiet": false,
        "reportFilename": "mochawesome",
        "saveHtml": false,
        "saveJson": true,
        "consoleReporter": "spec",
        "useInlineDiffs": false,
        "code": true
      },
      "version": "7.1.3"
    },
    "marge": {
      "options": {
        "charts": true,
        "reportPageTitle": "custom-title",
        "embeddedScreenshots": true,
        "inlineAssets": true,
        "saveAllAttempts": false,
        "overwrite": false,
        "html": false,
        "json": true,
        "reportDir": "cypress\\reports\\html\\.jsons"
      },
      "version": "6.2.0"
    }
  }
}